<?xml version="1.0" encoding="UTF-8"?>
<!-- Generated by org.testng.reporters.JUnitReportReporter -->
<testsuite hostname="DESKTOP-4U5AFOJ" failures="0" tests="1" name="Task1.TC_002_Task2_Test" time="5.798" errors="0" timestamp="2022-07-30T15:58:27 IST" skipped="0">
  <testcase classname="Task1.TC_002_Task2_Test" name="createtask" time="5.798"/>
  <system-out/>
</testsuite> <!-- Task1.TC_002_Task2_Test -->
