<?xml version="1.0" encoding="UTF-8"?>
<!-- Generated by org.testng.reporters.JUnitReportReporter -->
<testsuite hostname="DESKTOP-4U5AFOJ" failures="0" tests="1" name="Tasks.TC_Tasks_001_Test" time="1.452" errors="0" timestamp="2022-07-30T15:43:39 IST" skipped="0">
  <testcase classname="Tasks.TC_Tasks_001_Test" name="createtask" time="1.452"/>
  <system-out/>
</testsuite> <!-- Tasks.TC_Tasks_001_Test -->
